[2020-04-04T18:02:05.594642+00:00] User_Log_Events.WARNING: Player Score Record Has Been Removed! {"Player":"Michael Hanzel","Score":"6","Adminname":"  Michael Hanzel","Time":"Saturday 4th of April 2020 06:02:05 PM"} []
[2020-04-04T18:02:33.076514+00:00] User_Log_Events.WARNING: Question Record Has Been Removed! {"Question":"What is PHP for?","Adminname":"  Michael Hanzel","Time":"Saturday 4th of April 2020 06:02:33 PM"} []
[2020-04-04T18:09:41.072344+00:00] User_Log_Events.WARNING: Question Record Has Been Removed! {"Question":null,"Adminname":"  Michael Hanzel","Time":"Saturday 4th of April 2020 06:09:41 PM"} []
[2020-04-04T18:10:59.920795+00:00] User_Log_Events.ALERT: Question Record Has Been Created! {"Question":"What is file extension for php?","Adminname":"  Michael Hanzel","Time":"Saturday 4th of April 2020 06:10:59 PM"} []
[2020-04-04T18:13:09.052108+00:00] User_Log_Events.ALERT: Question Record Has Been Created! {"Question":"What is file extension for php?","Adminname":"  Michael Hanzel","Time":"Saturday 4th of April 2020 06:13:09 PM"} []
[2020-04-04T18:15:47.640531+00:00] User_Log_Events.INFO: Admin has logged in! {"Username":"  Michael Hanzel","Time":"Saturday 4th of April 2020 06:15:47 PM"} []
[2020-04-04T18:17:48.518443+00:00] User_Log_Events.WARNING: Question Record Has Been Removed! {"Question":"What is file extension for php?","Adminname":"  Michael Hanzel","Time":"Saturday 4th of April 2020 06:17:48 PM"} []
[2020-04-04T18:23:42.271330+00:00] User_Log_Events.WARNING: Question Record Has Been Removed! {"Question":null,"Adminname":"  Michael Hanzel","Time":"Saturday 4th of April 2020 06:23:42 PM"} []
[2020-04-04T18:25:48.881078+00:00] User_Log_Events.ALERT: Question Record Has Been Updated! {"Question":"What is file extension for php?","Adminname":"  Michael Hanzel","Time":"Saturday 4th of April 2020 06:25:48 PM"} []
[2020-04-04T18:31:33.718604+00:00] User_Log_Events.ALERT: Administrator Record Has Been Updated! {"Adminname":"  Michael Hanzel","Time":"Saturday 4th of April 2020 06:31:33 PM"} []
[2020-04-04T18:32:20.793964+00:00] User_Log_Events.INFO: Admin has logged in! {"Username":"   Michael Ha","Time":"Saturday 4th of April 2020 06:32:20 PM"} []
[2020-04-04T18:32:51.936386+00:00] User_Log_Events.ALERT: Administrator Record Has Been Updated! {"Adminname":"   Michael Ha","Time":"Saturday 4th of April 2020 06:32:51 PM"} []
[2020-04-04T18:35:19.225529+00:00] User_Log_Events.INFO: Admin has logged out! {"Username":"   Michael Ha","Time":"Saturday 4th of April 2020 06:35:19 PM"} []
[2020-04-04T18:35:31.321364+00:00] User_Log_Events.INFO: Admin has logged in! {"Username":"    Michael Hanzel","Time":"Saturday 4th of April 2020 06:35:31 PM"} []
[2020-04-04T18:35:41.201726+00:00] User_Log_Events.ALERT: Administrator Record Has Been Updated! {"Adminname":"    Michael Hanzel","Time":"Saturday 4th of April 2020 06:35:41 PM"} []
[2020-04-04T18:35:41.277808+00:00] User_Log_Events.INFO: Admin has logged out! {"Username":"    Michael Hanzel","Time":"Saturday 4th of April 2020 06:35:41 PM"} []
[2020-04-04T18:35:49.270656+00:00] User_Log_Events.INFO: Admin has logged in! {"Username":"     Michael Hanze","Time":"Saturday 4th of April 2020 06:35:49 PM"} []
[2020-04-04T18:35:58.853117+00:00] User_Log_Events.ALERT: Administrator Record Has Been Updated! {"Adminname":"     Michael Hanze","Time":"Saturday 4th of April 2020 06:35:58 PM"} []
[2020-04-04T18:35:58.928187+00:00] User_Log_Events.INFO: Admin has logged out! {"Username":"     Michael Hanze","Time":"Saturday 4th of April 2020 06:35:58 PM"} []
[2020-04-04T18:36:51.521007+00:00] User_Log_Events.INFO: Admin has logged in! {"Username":"      Michael Hanzel","Time":"Saturday 4th of April 2020 06:36:51 PM"} []
[2020-04-04T18:37:09.159120+00:00] User_Log_Events.ALERT: Administrator Record Has Been Updated! {"Adminname":"      Michael Hanzel","Time":"Saturday 4th of April 2020 06:37:09 PM"} []
[2020-04-04T18:37:09.223311+00:00] User_Log_Events.INFO: Admin has logged out! {"Username":"      Michael Hanzel","Time":"Saturday 4th of April 2020 06:37:09 PM"} []
[2020-04-04T18:37:21.744107+00:00] User_Log_Events.INFO: Admin has logged in! {"Username":"Michael Hanzel","Time":"Saturday 4th of April 2020 06:37:21 PM"} []
[2020-04-04T18:38:05.239800+00:00] User_Log_Events.INFO: Admin has logged out! {"Username":"Michael Hanzel","Time":"Saturday 4th of April 2020 06:38:05 PM"} []
[2020-04-04T18:38:16.084761+00:00] User_Log_Events.INFO: Player has logged in! {"Playername":" Michael Hanz","Time":"Saturday 4th of April 2020 06:38:16 PM"} []
[2020-04-04T18:43:32.065187+00:00] User_Log_Events.INFO: Player has logged out! {"Username":" Michael Hanz","Time":"Saturday 4th of April 2020 06:43:32 PM"} []
[2020-04-04T18:45:25.446117+00:00] User_Log_Events.INFO: Player has logged in! {"Playername":" Michael Hanz","Time":"Saturday 4th of April 2020 06:45:25 PM"} []
[2020-04-04T18:45:29.715029+00:00] User_Log_Events.INFO: Player has logged out! {"Username":" Michael Hanz","Time":"Saturday 4th of April 2020 06:45:29 PM"} []
[2020-04-04T18:48:13.399495+00:00] User_Log_Events.INFO: Player has logged in! {"Playername":" Michael Hanz","Time":"Saturday 4th of April 2020 06:48:13 PM"} []
[2020-04-04T18:48:16.490997+00:00] User_Log_Events.INFO: Player has logged out! {"Username":" Michael Hanz","Time":"Saturday 4th of April 2020 06:48:16 PM"} []
[2020-04-04T18:49:15.958312+00:00] User_Log_Events.ALERT: Administrator Record Has Been Updated! {"Adminname":" Michael Hanz","Time":"Saturday 4th of April 2020 06:49:15 PM"} []
[2020-04-04T18:49:16.040305+00:00] User_Log_Events.INFO: Admin has logged out! {"Username":" Michael Hanz","Time":"Saturday 4th of April 2020 06:49:16 PM"} []
[2020-04-04T18:58:21.261685+00:00] User_Log_Events.INFO: Player has logged in! {"Playername":"  Michael Hanzel","Time":"Saturday 4th of April 2020 06:58:21 PM"} []
[2020-04-04T19:10:37.919445+00:00] User_Log_Events.ALERT: Administrator Record Has Been Updated! {"Adminname":"  Michael Hanzel","Time":"Saturday 4th of April 2020 07:10:37 PM"} []
[2020-04-04T19:10:37.996343+00:00] User_Log_Events.INFO: Player has logged out! {"Playername":"  Michael Hanzel","Time":"Saturday 4th of April 2020 07:10:37 PM"} []
[2020-04-04T19:19:39.610926+00:00] User_Log_Events.INFO: Admin has logged in! {"Username":"Michael Hanzel","Time":"Saturday 4th of April 2020 07:19:39 PM"} []
[2020-04-04T19:20:13.900123+00:00] User_Log_Events.ALERT: Administrator Record Has Been Updated! {"Adminname":"Michael Hanzel","Time":"Saturday 4th of April 2020 07:20:13 PM"} []
[2020-04-04T19:20:13.902832+00:00] User_Log_Events.ALERT: Administrator Record Has Been Create! {"Adminname":" Michael admin","Time":"Saturday 4th of April 2020 07:20:13 PM"} []
[2020-04-04T19:20:13.968825+00:00] User_Log_Events.INFO: Admin has logged out! {"Username":"Michael Hanzel","Time":"Saturday 4th of April 2020 07:20:13 PM"} []
[2020-04-04T19:25:29.430621+00:00] User_Log_Events.INFO: Admin has logged in! {"Username":" Michael admin","Time":"Saturday 4th of April 2020 07:25:29 PM"} []
[2020-04-04T19:25:52.218520+00:00] User_Log_Events.ALERT: Administrator Record Has Been Updated! {"Adminname":" Michael admin","Time":"Saturday 4th of April 2020 07:25:52 PM"} []
[2020-04-04T19:25:52.294788+00:00] User_Log_Events.INFO: Admin has logged out! {"Username":" Michael admin","Time":"Saturday 4th of April 2020 07:25:52 PM"} []
[2020-04-04T19:26:22.454352+00:00] User_Log_Events.INFO: Player has logged in! {"Playername":"Michael H","Time":"Saturday 4th of April 2020 07:26:22 PM"} []
[2020-04-04T19:26:43.024348+00:00] User_Log_Events.ALERT: Player Record Has Been Updated! {"Playername":"Michael H","Time":"Saturday 4th of April 2020 07:26:42 PM"} []
[2020-04-04T19:26:43.100036+00:00] User_Log_Events.INFO: Player has logged out! {"Playername":"Michael H","Time":"Saturday 4th of April 2020 07:26:43 PM"} []
[2020-04-04T19:27:33.865180+00:00] User_Log_Events.INFO: Admin has logged in! {"Username":"  Michael hz","Time":"Saturday 4th of April 2020 07:27:33 PM"} []
[2020-04-04T19:28:26.465914+00:00] User_Log_Events.INFO: Admin has logged out! {"Username":"  Michael hz","Time":"Saturday 4th of April 2020 07:28:26 PM"} []
[2020-04-04T19:28:43.630290+00:00] User_Log_Events.INFO: Player has logged in! {"Playername":" Michael Hanzel","Time":"Saturday 4th of April 2020 07:28:43 PM"} []
[2020-04-04T19:28:53.023298+00:00] User_Log_Events.INFO: Player has logged out! {"Username":" Michael Hanzel","Time":"Saturday 4th of April 2020 07:28:53 PM"} []
[2020-04-04T19:29:00.811956+00:00] User_Log_Events.INFO: Player has logged in! {"Playername":" Michael Hanzel","Time":"Saturday 4th of April 2020 07:29:00 PM"} []
[2020-04-04T19:30:11.497949+00:00] User_Log_Events.INFO: Player has logged in! {"Playername":" Michael Hanzel","Time":"Saturday 4th of April 2020 07:30:11 PM"} []
[2020-04-04T19:30:16.762919+00:00] User_Log_Events.INFO: Player has logged out! {"Playername":" Michael Hanzel","Time":"Saturday 4th of April 2020 07:30:16 PM"} []
[2020-04-04T19:30:31.036939+00:00] User_Log_Events.INFO: Admin has logged in! {"Username":"  Michael hz","Time":"Saturday 4th of April 2020 07:30:30 PM"} []
[2020-04-04T19:30:54.549092+00:00] User_Log_Events.ALERT: Administrator Record Has Been Updated! {"Adminname":"  Michael hz","Time":"Saturday 4th of April 2020 07:30:54 PM"} []
[2020-04-04T19:30:54.627959+00:00] User_Log_Events.INFO: Admin has logged out! {"Username":"  Michael hz","Time":"Saturday 4th of April 2020 07:30:54 PM"} []
[2020-04-04T19:31:09.331380+00:00] User_Log_Events.INFO: Admin has logged in! {"Username":"   Michael Admin","Time":"Saturday 4th of April 2020 07:31:09 PM"} []
[2020-04-04T19:31:14.002424+00:00] User_Log_Events.INFO: Admin has logged out! {"Username":"   Michael Admin","Time":"Saturday 4th of April 2020 07:31:14 PM"} []
[2020-04-04T19:31:25.188275+00:00] User_Log_Events.INFO: Player has logged in! {"Playername":" Michael Hanzel","Time":"Saturday 4th of April 2020 07:31:25 PM"} []
[2020-04-04T19:31:59.514921+00:00] User_Log_Events.INFO: Player has logged out! {"Username":" Michael Hanzel","Time":"Saturday 4th of April 2020 07:31:59 PM"} []
[2020-04-04T19:34:38.489469+00:00] User_Log_Events.INFO: New Player Has Been Created! {"PlayerName":"Alex Viau","Adminname":null,"Time":"Saturday 4th of April 2020 07:34:38 PM"} []
[2020-04-04T19:34:45.507823+00:00] User_Log_Events.INFO: Player has logged in! {"Playername":"Alex Viau","Time":"Saturday 4th of April 2020 07:34:45 PM"} []
[2020-04-04T19:38:01.550488+00:00] User_Log_Events.INFO: Player has logged out! {"Username":"Alex Viau","Time":"Saturday 4th of April 2020 07:38:01 PM"} []
[2020-04-04T19:38:14.924570+00:00] User_Log_Events.INFO: Player has logged in! {"Playername":" Michael Hanzel","Time":"Saturday 4th of April 2020 07:38:14 PM"} []
[2020-04-04T19:38:50.569001+00:00] User_Log_Events.INFO: Player has logged out! {"Username":" Michael Hanzel","Time":"Saturday 4th of April 2020 07:38:50 PM"} []
[2020-04-04T19:38:58.865394+00:00] User_Log_Events.INFO: Player has logged in! {"Playername":"Alex Viau","Time":"Saturday 4th of April 2020 07:38:58 PM"} []
[2020-04-04T19:39:14.920228+00:00] User_Log_Events.INFO: Player Submit New Score! {"Playername":"Alex Viau","New Score":"6","Time":"Saturday 4th of April 2020 07:39:14 PM"} []
[2020-04-04T19:41:00.190580+00:00] User_Log_Events.INFO: Player has logged out! {"Username":"Alex Viau","Time":"Saturday 4th of April 2020 07:41:00 PM"} []
[2020-04-04T19:42:35.144777+00:00] User_Log_Events.INFO: Player has logged in! {"Playername":"Alex Viau","Time":"Saturday 4th of April 2020 07:42:35 PM"} []
[2020-04-04T19:43:14.961813+00:00] User_Log_Events.INFO: Player Submit New Score! {"Playername":"Alex Viau","New Score":"0","Time":"Saturday 4th of April 2020 07:43:14 PM"} []
[2020-04-04T19:46:39.764687+00:00] User_Log_Events.INFO: Player Submit New Score! {"Playername":"Alex Viau","New Score":"0","Time":"Saturday 4th of April 2020 07:46:39 PM"} []
[2020-04-04T19:47:04.182180+00:00] User_Log_Events.INFO: Player Submit New Score! {"Playername":"Alex Viau","New Score":"0","Time":"Saturday 4th of April 2020 07:47:04 PM"} []
[2020-04-04T19:47:51.584806+00:00] User_Log_Events.INFO: Player Submit New Score! {"Playername":"Alex Viau","New Score":"0","Time":"Saturday 4th of April 2020 07:47:51 PM"} []
[2020-04-04T20:05:42.199370+00:00] User_Log_Events.INFO: Player Submit New Score! {"Playername":"Alex Viau","New Score":"6","Time":"Saturday 4th of April 2020 08:05:42 PM"} []
[2020-04-04T20:06:48.908558+00:00] User_Log_Events.INFO: Player Submit New Score! {"Playername":"Alex Viau","New Score":"7","Time":"Saturday 4th of April 2020 08:06:48 PM"} []
[2020-04-04T20:07:01.149202+00:00] User_Log_Events.INFO: Player has logged out! {"Username":"Alex Viau","Time":"Saturday 4th of April 2020 08:07:01 PM"} []
[2020-05-11T00:19:33.383640+00:00] User_Log_Events.INFO: Player has logged in! {"Playername":" Michael Hanzel","Time":"Monday 11th of May 2020 12:19:33 AM"} []
[2020-05-11T00:21:12.340855+00:00] User_Log_Events.INFO: Player Submit New Score! {"Playername":" Michael Hanzel","New Score":"6","Time":"Monday 11th of May 2020 12:21:12 AM"} []
[2020-05-11T00:21:30.169705+00:00] User_Log_Events.INFO: Player has logged out! {"Playername":" Michael Hanzel","Time":"Monday 11th of May 2020 12:21:30 AM"} []
[2020-05-11T00:22:26.874794+00:00] User_Log_Events.INFO: Admin has logged in! {"Username":"   Michael Admin","Time":"Monday 11th of May 2020 12:22:26 AM"} []
[2020-05-11T00:22:53.540377+00:00] User_Log_Events.WARNING: Player Score Record Has Been Removed! {"Player":" Michael Hanz","Score":"6","Adminname":"   Michael Admin","Time":"Monday 11th of May 2020 12:22:53 AM"} []
[2020-05-11T00:22:57.279359+00:00] User_Log_Events.WARNING: Player Score Record Has Been Removed! {"Player":" Michael Hanze","Score":"4","Adminname":"   Michael Admin","Time":"Monday 11th of May 2020 12:22:57 AM"} []
[2020-05-11T00:24:20.795396+00:00] User_Log_Events.ALERT: Administrator Record Has Been Updated! {"Adminname":"   Michael Admin","Time":"Monday 11th of May 2020 12:24:20 AM"} []
[2020-05-11T00:24:20.929402+00:00] User_Log_Events.INFO: Admin has logged out! {"Username":"   Michael Admin","Time":"Monday 11th of May 2020 12:24:20 AM"} []
[2020-05-11T00:24:29.691530+00:00] User_Log_Events.INFO: Admin has logged in! {"Username":"Michael Admin","Time":"Monday 11th of May 2020 12:24:29 AM"} []
[2020-05-11T00:34:08.911924+00:00] User_Log_Events.INFO: Admin has logged out! {"Username":"Michael Admin","Time":"Monday 11th of May 2020 12:34:08 AM"} []
[2020-05-11T01:02:50.009734+00:00] User_Log_Events.INFO: Player has logged in! {"Playername":" Michael Hanzel","Time":"Monday 11th of May 2020 01:02:49 AM"} []
[2020-05-11T01:03:51.634599+00:00] User_Log_Events.INFO: Player Submit New Score! {"Playername":" Michael Hanzel","New Score":"5","Time":"Monday 11th of May 2020 01:03:51 AM"} []
[2020-05-11T01:04:13.811458+00:00] User_Log_Events.INFO: Player has logged out! {"Playername":" Michael Hanzel","Time":"Monday 11th of May 2020 01:04:13 AM"} []
[2020-05-11T01:04:23.196517+00:00] User_Log_Events.INFO: Admin has logged in! {"Username":"Michael Admin","Time":"Monday 11th of May 2020 01:04:23 AM"} []
[2020-05-11T01:04:45.130405+00:00] User_Log_Events.WARNING: Player Score Record Has Been Removed! {"Player":"Peter","Score":"6","Adminname":"Michael Admin","Time":"Monday 11th of May 2020 01:04:45 AM"} []
[2020-05-11T01:05:19.265009+00:00] User_Log_Events.ALERT: Question Record Has Been Updated! {"Question":"What is file extension for php?","Adminname":"Michael Admin","Time":"Monday 11th of May 2020 01:05:19 AM"} []
[2020-05-11T01:06:33.056628+00:00] User_Log_Events.ALERT: Question Record Has Been Created! {"Question":"All variables in PHP start with which symbol?","Adminname":"Michael Admin","Time":"Monday 11th of May 2020 01:06:33 AM"} []
[2020-05-11T01:06:55.162284+00:00] User_Log_Events.ALERT: Administrator Record Has Been Updated! {"Adminname":"Michael Admin","Time":"Monday 11th of May 2020 01:06:55 AM"} []
[2020-05-11T01:06:55.312879+00:00] User_Log_Events.INFO: Admin has logged out! {"Username":"Michael Admin","Time":"Monday 11th of May 2020 01:06:55 AM"} []
[2020-05-11T01:07:03.325911+00:00] User_Log_Events.INFO: Admin has logged in! {"Username":" Michael Hanzel","Time":"Monday 11th of May 2020 01:07:03 AM"} []
[2020-05-11T01:07:18.735456+00:00] User_Log_Events.INFO: Admin has logged out! {"Username":" Michael Hanzel","Time":"Monday 11th of May 2020 01:07:18 AM"} []
[2020-05-11T01:07:40.832043+00:00] User_Log_Events.INFO: Player has logged in! {"Playername":" Michael Hanzel","Time":"Monday 11th of May 2020 01:07:40 AM"} []
[2020-05-11T01:08:31.092377+00:00] User_Log_Events.ALERT: Player Record Has Been Updated! {"Playername":" Michael Hanzel","Time":"Monday 11th of May 2020 01:08:31 AM"} []
[2020-05-11T01:08:31.245099+00:00] User_Log_Events.INFO: Player has logged out! {"Playername":" Michael Hanzel","Time":"Monday 11th of May 2020 01:08:31 AM"} []
[2020-05-11T01:08:37.640794+00:00] User_Log_Events.INFO: Player has logged in! {"Playername":"  Michael Kho","Time":"Monday 11th of May 2020 01:08:37 AM"} []
[2020-05-11T01:08:55.281204+00:00] User_Log_Events.INFO: Player has logged out! {"Username":"  Michael Kho","Time":"Monday 11th of May 2020 01:08:55 AM"} []
